#
# There is insufficient memory for the Java Runtime Environment to continue.
# Native memory allocation (malloc) failed to allocate 3048384 bytes for Chunk::new
# Possible reasons:
#   The system is out of physical RAM or swap space
#   The process is running with CompressedOops enabled, and the Java Heap may be blocking the growth of the native heap
# Possible solutions:
#   Reduce memory load on the system
#   Increase physical memory or swap space
#   Check if swap backing store is full
#   Decrease Java heap size (-Xmx/-Xms)
#   Decrease number of Java threads
#   Decrease Java thread stack sizes (-Xss)
#   Set larger code cache with -XX:ReservedCodeCacheSize=
#   JVM is running with Unscaled Compressed Oops mode in which the Java heap is
#     placed in the first 4GB address space. The Java Heap base address is the
#     maximum limit for the native heap growth. Please use -XX:HeapBaseMinAddress
#     to set the Java Heap base and to place the Java Heap above 4GB virtual address.
# This output file may be truncated or incomplete.
#
#  Out of Memory Error (t:/workspace/open/src/hotspot/share/memory/arena.cpp:196), pid=17236, tid=21860
#
# JRE version: Java(TM) SE Runtime Environment (13.0.2+8) (build 13.0.2+8)
# Java VM: Java HotSpot(TM) 64-Bit Server VM (13.0.2+8, mixed mode, sharing, tiered, compressed oops, g1 gc, windows-amd64)
# No core dump will be written. Minidumps are not enabled by default on client versions of Windows
#

---------------  S U M M A R Y ------------

Command Line: --add-modules=javafx.base,javafx.graphics --add-reads=javafx.base=ALL-UNNAMED --add-reads=javafx.graphics=ALL-UNNAMED -javaagent:C:\Program Files\JetBrains\IntelliJ IDEA Community Edition 2019.3.4\lib\idea_rt.jar=50333:C:\Program Files\JetBrains\IntelliJ IDEA Community Edition 2019.3.4\bin -Dfile.encoding=UTF-8 --module-path=C:\Users\User\Documents\lib\javafx-sdk-11.0.2\lib\javafx.base.jar;C:\Users\User\Documents\lib\javafx-sdk-11.0.2\lib\javafx.graphics.jar;C:\Users\User\IdeaProjects\Tree_Visualization_Project\out\production\Tree_Visualization_Project;C:\Users\User\Documents\lib\javafx-sdk-11.0.2\lib\javafx-swt.jar;C:\Users\User\Documents\lib\javafx-sdk-11.0.2\lib\javafx.controls.jar;C:\Users\User\Documents\lib\javafx-sdk-11.0.2\lib\javafx.fxml.jar;C:\Users\User\Documents\lib\javafx-sdk-11.0.2\lib\javafx.media.jar;C:\Users\User\Documents\lib\javafx-sdk-11.0.2\lib\javafx.swing.jar;C:\Users\User\Documents\lib\javafx-sdk-11.0.2\lib\javafx.web.jar -Djdk.module.main=JavaFX.Test.Prj JavaFX.Test.Prj/view.Main

Host: Intel(R) Core(TM) i5-7200U CPU @ 2.50GHz, 4 cores, 3G,  Windows 10 , 64 bit Build 18362 (10.0.18362.86)
Time: Tue Jun  2 18:08:10 2020 SE Asia Standard Time elapsed time: 2 seconds (0d 0h 0m 2s)

---------------  T H R E A D  ---------------

Current thread (0x000001c72945e000):  JavaThread "C2 CompilerThread1" daemon [_thread_in_native, id=21860, stack(0x000000c026400000,0x000000c026500000)]


Current CompileTask:
C2:   2192 1069   !   4       com.sun.javafx.css.ParsedValueImpl::readBinary (688 bytes)

Stack: [0x000000c026400000,0x000000c026500000]
Native frames: (J=compiled Java code, j=interpreted, Vv=VM code, C=native code)
V  [jvm.dll+0x624f9a]
V  [jvm.dll+0x770cfa]
V  [jvm.dll+0x7724af]
V  [jvm.dll+0x772ab3]
V  [jvm.dll+0x24bf08]
V  [jvm.dll+0xc1e47]
V  [jvm.dll+0xc23cc]
V  [jvm.dll+0x35c0c5]
V  [jvm.dll+0x327803]
V  [jvm.dll+0x326bda]
V  [jvm.dll+0x205c27]
V  [jvm.dll+0x204e3f]
V  [jvm.dll+0x189c2c]
V  [jvm.dll+0x213e6d]
V  [jvm.dll+0x2120bb]
V  [jvm.dll+0x736bb6]
V  [jvm.dll+0x72fcaa]
V  [jvm.dll+0x623ea6]
C  [ucrtbase.dll+0x1d912]
C  [KERNEL32.DLL+0x17bd4]
C  [ntdll.dll+0x6ce71]


---------------  P R O C E S S  ---------------

Threads class SMR info:
_java_thread_list=0x000001c729565540, length=17, elements={
0x000001c70c3b1800, 0x000001c72838d000, 0x000001c728390000, 0x000001c7283a5000,
0x000001c7283a7000, 0x000001c7283a9000, 0x000001c72840c800, 0x000001c728429000,
0x000001c72837d800, 0x000001c7290fb000, 0x000001c7290b1000, 0x000001c728ebf800,
0x000001c72929d000, 0x000001c7292a1000, 0x000001c728df2800, 0x000001c72943e000,
0x000001c72945e000
}

Java Threads: ( => current thread )
  0x000001c70c3b1800 JavaThread "main" [_thread_blocked, id=6932, stack(0x000000c024700000,0x000000c024800000)]
  0x000001c72838d000 JavaThread "Reference Handler" daemon [_thread_blocked, id=17612, stack(0x000000c024e00000,0x000000c024f00000)]
  0x000001c728390000 JavaThread "Finalizer" daemon [_thread_blocked, id=8052, stack(0x000000c024f00000,0x000000c025000000)]
  0x000001c7283a5000 JavaThread "Signal Dispatcher" daemon [_thread_blocked, id=9588, stack(0x000000c025000000,0x000000c025100000)]
  0x000001c7283a7000 JavaThread "Attach Listener" daemon [_thread_blocked, id=17276, stack(0x000000c025100000,0x000000c025200000)]
  0x000001c7283a9000 JavaThread "C2 CompilerThread0" daemon [_thread_blocked, id=4604, stack(0x000000c025200000,0x000000c025300000)]
  0x000001c72840c800 JavaThread "C1 CompilerThread0" daemon [_thread_in_native, id=25200, stack(0x000000c025300000,0x000000c025400000)]
  0x000001c728429000 JavaThread "Sweeper thread" daemon [_thread_blocked, id=7320, stack(0x000000c025400000,0x000000c025500000)]
  0x000001c72837d800 JavaThread "Common-Cleaner" daemon [_thread_blocked, id=20944, stack(0x000000c025500000,0x000000c025600000)]
  0x000001c7290fb000 JavaThread "Monitor Ctrl-Break" daemon [_thread_in_native, id=12472, stack(0x000000c025700000,0x000000c025800000)]
  0x000001c7290b1000 JavaThread "Service Thread" daemon [_thread_blocked, id=25368, stack(0x000000c025800000,0x000000c025900000)]
  0x000001c728ebf800 JavaThread "QuantumRenderer-0" daemon [_thread_blocked, id=14964, stack(0x000000c025600000,0x000000c025700000)]
  0x000001c72929d000 JavaThread "InvokeLaterDispatcher" daemon [_thread_blocked, id=7012, stack(0x000000c025a00000,0x000000c025b00000)]
  0x000001c7292a1000 JavaThread "JavaFX Application Thread" [_thread_in_vm, id=20640, stack(0x000000c025b00000,0x000000c025c00000)]
  0x000001c728df2800 JavaThread "Thread-1" daemon [_thread_in_native, id=12380, stack(0x000000c026300000,0x000000c026400000)]
  0x000001c72943e000 JavaThread "JavaFX-Launcher" [_thread_blocked, id=25396, stack(0x000000c026200000,0x000000c026300000)]
=>0x000001c72945e000 JavaThread "C2 CompilerThread1" daemon [_thread_in_native, id=21860, stack(0x000000c026400000,0x000000c026500000)]

Other Threads:
  0x000001c728389800 VMThread "VM Thread" [stack: 0x000000c024d00000,0x000000c024e00000] [id=18576]
  0x000001c7290b5000 WatcherThread [stack: 0x000000c025900000,0x000000c025a00000] [id=8496]
  0x000001c70c3e3800 GCTaskThread "GC Thread#0" [stack: 0x000000c024800000,0x000000c024900000] [id=9392]
  0x000001c729443800 GCTaskThread "GC Thread#1" [stack: 0x000000c025f00000,0x000000c026000000] [id=7564]
  0x000001c72940f000 GCTaskThread "GC Thread#2" [stack: 0x000000c026000000,0x000000c026100000] [id=11392]
  0x000001c72940f800 GCTaskThread "GC Thread#3" [stack: 0x000000c026100000,0x000000c026200000] [id=18908]
  0x000001c70c3ee000 ConcurrentGCThread "G1 Main Marker" [stack: 0x000000c024900000,0x000000c024a00000] [id=25272]
  0x000001c70c3ef000 ConcurrentGCThread "G1 Conc#0" [stack: 0x000000c024a00000,0x000000c024b00000] [id=13772]
  0x000001c70c443800 ConcurrentGCThread "G1 Refine#0" [stack: 0x000000c024b00000,0x000000c024c00000] [id=2868]
  0x000001c70c447000 ConcurrentGCThread "G1 Young RemSet Sampling" [stack: 0x000000c024c00000,0x000000c024d00000] [id=16856]

Threads with active compile tasks:
C2 CompilerThread1     2258 1069   !   4       com.sun.javafx.css.ParsedValueImpl::readBinary (688 bytes)

VM state:not at safepoint (normal execution)

VM Mutex/Monitor currently owned by a thread: None

Heap address: 0x00000000c1800000, size: 1000 MB, Compressed Oops mode: 32-bit
Narrow klass base: 0x0000000800000000, Narrow klass shift: 3
Compressed class space size: 1073741824 Address: 0x0000000800b40000

Heap:
 garbage-first heap   total 65536K, used 25342K [0x00000000c1800000, 0x0000000100000000)
  region size 1024K, 26 young (26624K), 2 survivors (2048K)
 Metaspace       used 10113K, capacity 12025K, committed 12160K, reserved 1060864K
  class space    used 1391K, capacity 1657K, committed 1664K, reserved 1048576K
Heap Regions: E=young(eden), S=young(survivor), O=old, HS=humongous(starts), HC=humongous(continues), CS=collection set, F=free, A=archive, TAMS=top-at-mark-start (previous, next)
|   0|0x00000000c1800000, 0x00000000c1800000, 0x00000000c1900000|  0%| F|  |TAMS 0x00000000c1800000, 0x00000000c1800000| Untracked 
|   1|0x00000000c1900000, 0x00000000c1900000, 0x00000000c1a00000|  0%| F|  |TAMS 0x00000000c1900000, 0x00000000c1900000| Untracked 
|   2|0x00000000c1a00000, 0x00000000c1a00000, 0x00000000c1b00000|  0%| F|  |TAMS 0x00000000c1a00000, 0x00000000c1a00000| Untracked 
|   3|0x00000000c1b00000, 0x00000000c1b00000, 0x00000000c1c00000|  0%| F|  |TAMS 0x00000000c1b00000, 0x00000000c1b00000| Untracked 
|   4|0x00000000c1c00000, 0x00000000c1c00000, 0x00000000c1d00000|  0%| F|  |TAMS 0x00000000c1c00000, 0x00000000c1c00000| Untracked 
|   5|0x00000000c1d00000, 0x00000000c1d00000, 0x00000000c1e00000|  0%| F|  |TAMS 0x00000000c1d00000, 0x00000000c1d00000| Untracked 
|   6|0x00000000c1e00000, 0x00000000c1e00000, 0x00000000c1f00000|  0%| F|  |TAMS 0x00000000c1e00000, 0x00000000c1e00000| Untracked 
|   7|0x00000000c1f00000, 0x00000000c1f00000, 0x00000000c2000000|  0%| F|  |TAMS 0x00000000c1f00000, 0x00000000c1f00000| Untracked 
|   8|0x00000000c2000000, 0x00000000c2000000, 0x00000000c2100000|  0%| F|  |TAMS 0x00000000c2000000, 0x00000000c2000000| Untracked 
|   9|0x00000000c2100000, 0x00000000c2100000, 0x00000000c2200000|  0%| F|  |TAMS 0x00000000c2100000, 0x00000000c2100000| Untracked 
|  10|0x00000000c2200000, 0x00000000c2200000, 0x00000000c2300000|  0%| F|  |TAMS 0x00000000c2200000, 0x00000000c2200000| Untracked 
|  11|0x00000000c2300000, 0x00000000c2300000, 0x00000000c2400000|  0%| F|  |TAMS 0x00000000c2300000, 0x00000000c2300000| Untracked 
|  12|0x00000000c2400000, 0x00000000c2400000, 0x00000000c2500000|  0%| F|  |TAMS 0x00000000c2400000, 0x00000000c2400000| Untracked 
|  13|0x00000000c2500000, 0x00000000c2500000, 0x00000000c2600000|  0%| F|  |TAMS 0x00000000c2500000, 0x00000000c2500000| Untracked 
|  14|0x00000000c2600000, 0x00000000c2600000, 0x00000000c2700000|  0%| F|  |TAMS 0x00000000c2600000, 0x00000000c2600000| Untracked 
|  15|0x00000000c2700000, 0x00000000c2700000, 0x00000000c2800000|  0%| F|  |TAMS 0x00000000c2700000, 0x00000000c2700000| Untracked 
|  16|0x00000000c2800000, 0x00000000c2800000, 0x00000000c2900000|  0%| F|  |TAMS 0x00000000c2800000, 0x00000000c2800000| Untracked 
|  17|0x00000000c2900000, 0x00000000c2900000, 0x00000000c2a00000|  0%| F|  |TAMS 0x00000000c2900000, 0x00000000c2900000| Untracked 
|  18|0x00000000c2a00000, 0x00000000c2a00000, 0x00000000c2b00000|  0%| F|  |TAMS 0x00000000c2a00000, 0x00000000c2a00000| Untracked 
|  19|0x00000000c2b00000, 0x00000000c2b00000, 0x00000000c2c00000|  0%| F|  |TAMS 0x00000000c2b00000, 0x00000000c2b00000| Untracked 
|  20|0x00000000c2c00000, 0x00000000c2c00000, 0x00000000c2d00000|  0%| F|  |TAMS 0x00000000c2c00000, 0x00000000c2c00000| Untracked 
|  21|0x00000000c2d00000, 0x00000000c2d00000, 0x00000000c2e00000|  0%| F|  |TAMS 0x00000000c2d00000, 0x00000000c2d00000| Untracked 
|  22|0x00000000c2e00000, 0x00000000c2e00000, 0x00000000c2f00000|  0%| F|  |TAMS 0x00000000c2e00000, 0x00000000c2e00000| Untracked 
|  23|0x00000000c2f00000, 0x00000000c2f00000, 0x00000000c3000000|  0%| F|  |TAMS 0x00000000c2f00000, 0x00000000c2f00000| Untracked 
|  24|0x00000000c3000000, 0x00000000c3000000, 0x00000000c3100000|  0%| F|  |TAMS 0x00000000c3000000, 0x00000000c3000000| Untracked 
|  25|0x00000000c3100000, 0x00000000c3100000, 0x00000000c3200000|  0%| F|  |TAMS 0x00000000c3100000, 0x00000000c3100000| Untracked 
|  26|0x00000000c3200000, 0x00000000c3200000, 0x00000000c3300000|  0%| F|  |TAMS 0x00000000c3200000, 0x00000000c3200000| Untracked 
|  27|0x00000000c3300000, 0x00000000c3300000, 0x00000000c3400000|  0%| F|  |TAMS 0x00000000c3300000, 0x00000000c3300000| Untracked 
|  28|0x00000000c3400000, 0x00000000c3400000, 0x00000000c3500000|  0%| F|  |TAMS 0x00000000c3400000, 0x00000000c3400000| Untracked 
|  29|0x00000000c3500000, 0x00000000c3500000, 0x00000000c3600000|  0%| F|  |TAMS 0x00000000c3500000, 0x00000000c3500000| Untracked 
|  30|0x00000000c3600000, 0x00000000c3600000, 0x00000000c3700000|  0%| F|  |TAMS 0x00000000c3600000, 0x00000000c3600000| Untracked 
|  31|0x00000000c3700000, 0x00000000c3700000, 0x00000000c3800000|  0%| F|  |TAMS 0x00000000c3700000, 0x00000000c3700000| Untracked 
|  32|0x00000000c3800000, 0x00000000c3800000, 0x00000000c3900000|  0%| F|  |TAMS 0x00000000c3800000, 0x00000000c3800000| Untracked 
|  33|0x00000000c3900000, 0x00000000c3900000, 0x00000000c3a00000|  0%| F|  |TAMS 0x00000000c3900000, 0x00000000c3900000| Untracked 
|  34|0x00000000c3a00000, 0x00000000c3a00000, 0x00000000c3b00000|  0%| F|  |TAMS 0x00000000c3a00000, 0x00000000c3a00000| Untracked 
|  35|0x00000000c3b00000, 0x00000000c3b00000, 0x00000000c3c00000|  0%| F|  |TAMS 0x00000000c3b00000, 0x00000000c3b00000| Untracked 
|  36|0x00000000c3c00000, 0x00000000c3c00000, 0x00000000c3d00000|  0%| F|  |TAMS 0x00000000c3c00000, 0x00000000c3c00000| Untracked 
|  37|0x00000000c3d00000, 0x00000000c3d00000, 0x00000000c3e00000|  0%| F|  |TAMS 0x00000000c3d00000, 0x00000000c3d00000| Untracked 
|  38|0x00000000c3e00000, 0x00000000c3e5e2f8, 0x00000000c3f00000| 36%| E|  |TAMS 0x00000000c3e00000, 0x00000000c3e00000| Complete 
|  39|0x00000000c3f00000, 0x00000000c4000000, 0x00000000c4000000|100%| E|CS|TAMS 0x00000000c3f00000, 0x00000000c3f00000| Complete 
|  40|0x00000000c4000000, 0x00000000c4100000, 0x00000000c4100000|100%| E|CS|TAMS 0x00000000c4000000, 0x00000000c4000000| Complete 
|  41|0x00000000c4100000, 0x00000000c4200000, 0x00000000c4200000|100%| E|CS|TAMS 0x00000000c4100000, 0x00000000c4100000| Complete 
|  42|0x00000000c4200000, 0x00000000c4300000, 0x00000000c4300000|100%| E|CS|TAMS 0x00000000c4200000, 0x00000000c4200000| Complete 
|  43|0x00000000c4300000, 0x00000000c4400000, 0x00000000c4400000|100%| E|CS|TAMS 0x00000000c4300000, 0x00000000c4300000| Complete 
|  44|0x00000000c4400000, 0x00000000c4500000, 0x00000000c4500000|100%| E|CS|TAMS 0x00000000c4400000, 0x00000000c4400000| Complete 
|  45|0x00000000c4500000, 0x00000000c4600000, 0x00000000c4600000|100%| E|CS|TAMS 0x00000000c4500000, 0x00000000c4500000| Complete 
|  46|0x00000000c4600000, 0x00000000c4700000, 0x00000000c4700000|100%| E|CS|TAMS 0x00000000c4600000, 0x00000000c4600000| Complete 
|  47|0x00000000c4700000, 0x00000000c4800000, 0x00000000c4800000|100%| E|CS|TAMS 0x00000000c4700000, 0x00000000c4700000| Complete 
|  48|0x00000000c4800000, 0x00000000c48bf8d8, 0x00000000c4900000| 74%| S|CS|TAMS 0x00000000c4800000, 0x00000000c4800000| Complete 
|  49|0x00000000c4900000, 0x00000000c4a00000, 0x00000000c4a00000|100%| S|CS|TAMS 0x00000000c4900000, 0x00000000c4900000| Complete 
|  50|0x00000000c4a00000, 0x00000000c4b00000, 0x00000000c4b00000|100%| E|CS|TAMS 0x00000000c4a00000, 0x00000000c4a00000| Complete 
|  51|0x00000000c4b00000, 0x00000000c4c00000, 0x00000000c4c00000|100%| E|CS|TAMS 0x00000000c4b00000, 0x00000000c4b00000| Complete 
|  52|0x00000000c4c00000, 0x00000000c4d00000, 0x00000000c4d00000|100%| E|CS|TAMS 0x00000000c4c00000, 0x00000000c4c00000| Complete 
|  53|0x00000000c4d00000, 0x00000000c4e00000, 0x00000000c4e00000|100%| E|CS|TAMS 0x00000000c4d00000, 0x00000000c4d00000| Complete 
|  54|0x00000000c4e00000, 0x00000000c4f00000, 0x00000000c4f00000|100%| E|CS|TAMS 0x00000000c4e00000, 0x00000000c4e00000| Complete 
|  55|0x00000000c4f00000, 0x00000000c5000000, 0x00000000c5000000|100%| E|CS|TAMS 0x00000000c4f00000, 0x00000000c4f00000| Complete 
|  56|0x00000000c5000000, 0x00000000c5100000, 0x00000000c5100000|100%| E|CS|TAMS 0x00000000c5000000, 0x00000000c5000000| Complete 
|  57|0x00000000c5100000, 0x00000000c5200000, 0x00000000c5200000|100%| E|CS|TAMS 0x00000000c5100000, 0x00000000c5100000| Complete 
|  58|0x00000000c5200000, 0x00000000c5300000, 0x00000000c5300000|100%| E|CS|TAMS 0x00000000c5200000, 0x00000000c5200000| Complete 
|  59|0x00000000c5300000, 0x00000000c5400000, 0x00000000c5400000|100%| E|CS|TAMS 0x00000000c5300000, 0x00000000c5300000| Complete 
|  60|0x00000000c5400000, 0x00000000c5500000, 0x00000000c5500000|100%| E|CS|TAMS 0x00000000c5400000, 0x00000000c5400000| Complete 
|  61|0x00000000c5500000, 0x00000000c5600000, 0x00000000c5600000|100%| E|CS|TAMS 0x00000000c5500000, 0x00000000c5500000| Complete 
|  62|0x00000000c5600000, 0x00000000c5700000, 0x00000000c5700000|100%| E|CS|TAMS 0x00000000c5600000, 0x00000000c5600000| Complete 
|  63|0x00000000c5700000, 0x00000000c5800000, 0x00000000c5800000|100%| E|CS|TAMS 0x00000000c5700000, 0x00000000c5700000| Complete 

Card table byte_map: [0x000001c723ab0000,0x000001c723cb0000] _byte_map_base: 0x000001c7234a4000

Marking Bits (Prev, Next): (CMBitMap*) 0x000001c70c3e4488, (CMBitMap*) 0x000001c70c3e44c8
 Prev Bits: [0x000001c723eb0000, 0x000001c724e50000)
 Next Bits: [0x000001c724e50000, 0x000001c725df0000)

Polling page: 0x000001c70a250000

Metaspace:

Usage:
  Non-class:     10.13 MB capacity,     8.52 MB ( 84%) used,     1.57 MB ( 16%) free+waste,    32.75 KB ( <1%) overhead. 
      Class:      1.62 MB capacity,     1.36 MB ( 84%) used,   248.77 KB ( 15%) free+waste,    17.38 KB (  1%) overhead. 
       Both:     11.75 MB capacity,     9.88 MB ( 84%) used,     1.82 MB ( 15%) free+waste,    50.13 KB ( <1%) overhead. 

Virtual space:
  Non-class space:       12.00 MB reserved,      10.25 MB ( 85%) committed 
      Class space:        1.00 GB reserved,       1.63 MB ( <1%) committed 
             Both:        1.01 GB reserved,      11.88 MB (  1%) committed 

Chunk freelists:
   Non-Class:  0 bytes
       Class:  5.00 KB
        Both:  5.00 KB

MaxMetaspaceSize: 17179869184.00 GB
CompressedClassSpaceSize: 1.00 GB

CodeHeap 'non-profiled nmethods': size=120000Kb used=420Kb max_used=420Kb free=119579Kb
 bounds [0x000001c71c380000, 0x000001c71c5f0000, 0x000001c7238b0000]
CodeHeap 'profiled nmethods': size=120000Kb used=2165Kb max_used=2165Kb free=117834Kb
 bounds [0x000001c714e50000, 0x000001c7150c0000, 0x000001c71c380000]
CodeHeap 'non-nmethods': size=5760Kb used=1342Kb max_used=1351Kb free=4418Kb
 bounds [0x000001c7148b0000, 0x000001c714b20000, 0x000001c714e50000]
 total_blobs=2314 nmethods=1141 adapters=548
 compilation: enabled
              stopped_count=0, restarted_count=0
 full_count=0

Compilation events (20 events):
Event: 2.184 Thread 0x000001c72840c800 nmethod 1120 0x000001c71505ef90 code [0x000001c71505f140, 0x000001c71505f370]
Event: 2.185 Thread 0x000001c72840c800 1122       1       javafx.css.Style::getDeclaration (5 bytes)
Event: 2.185 Thread 0x000001c72840c800 nmethod 1122 0x000001c71c3e6910 code [0x000001c71c3e6aa0, 0x000001c71c3e6bd8]
Event: 2.186 Thread 0x000001c72840c800 1123       1       javafx.css.Declaration::getProperty (5 bytes)
Event: 2.186 Thread 0x000001c72840c800 nmethod 1123 0x000001c71c3e6c90 code [0x000001c71c3e6e20, 0x000001c71c3e6f58]
Event: 2.186 Thread 0x000001c72840c800 1124       3       java.lang.String::compareTo (63 bytes)
Event: 2.186 Thread 0x000001c7283a9000 nmethod 1121% 0x000001c71c3e7010 code [0x000001c71c3e71a0, 0x000001c71c3e73d8]
Event: 2.186 Thread 0x000001c72840c800 nmethod 1124 0x000001c71505f490 code [0x000001c71505f700, 0x000001c715060020]
Event: 2.186 Thread 0x000001c72840c800 1125       3       com.sun.javafx.css.CascadingStyle::getProperty (11 bytes)
Event: 2.187 Thread 0x000001c72840c800 nmethod 1125 0x000001c715060490 code [0x000001c715060640, 0x000001c7150607f8]
Event: 2.187 Thread 0x000001c72840c800 1126       3       com.sun.javafx.css.StyleMap$$Lambda$141/0x0000000800c46440::compare (12 bytes)
Event: 2.187 Thread 0x000001c72840c800 nmethod 1126 0x000001c715060910 code [0x000001c715060b20, 0x000001c715061160]
Event: 2.187 Thread 0x000001c72840c800 1127       3       com.sun.javafx.css.StyleMap::lambda$static$0 (31 bytes)
Event: 2.187 Thread 0x000001c72840c800 nmethod 1127 0x000001c715061410 code [0x000001c715061600, 0x000001c7150619a0]
Event: 2.187 Thread 0x000001c72840c800 1128       3       java.util.HashMap::get (23 bytes)
Event: 2.188 Thread 0x000001c72840c800 nmethod 1128 0x000001c715061b90 code [0x000001c715061d60, 0x000001c715062120]
Event: 2.188 Thread 0x000001c72840c800 1129       3       com.sun.javafx.css.PseudoClassState::addAll (6 bytes)
Event: 2.188 Thread 0x000001c72840c800 nmethod 1129 0x000001c715062290 code [0x000001c715062440, 0x000001c7150625f0]
Event: 2.188 Thread 0x000001c72840c800 1130       3       com.sun.javafx.css.BitSet::addAll (338 bytes)
Event: 2.189 Thread 0x000001c72840c800 nmethod 1130 0x000001c715062690 code [0x000001c715062920, 0x000001c715063b10]

GC Heap History (2 events):
Event: 1.384 GC heap before
{Heap before GC invocations=0 (full 0):
 garbage-first heap   total 65536K, used 13312K [0x00000000c1800000, 0x0000000100000000)
  region size 1024K, 14 young (14336K), 0 survivors (0K)
 Metaspace       used 3638K, capacity 6389K, committed 6656K, reserved 1056768K
  class space    used 404K, capacity 691K, committed 768K, reserved 1048576K
}
Event: 1.398 GC heap after
{Heap after GC invocations=1 (full 0):
 garbage-first heap   total 65536K, used 1790K [0x00000000c1800000, 0x0000000100000000)
  region size 1024K, 2 young (2048K), 2 survivors (2048K)
 Metaspace       used 3638K, capacity 6389K, committed 6656K, reserved 1056768K
  class space    used 404K, capacity 691K, committed 768K, reserved 1048576K
}

Deoptimization events (20 events):
Event: 1.849 Thread 0x000001c7292a1000 DEOPT UNPACKING pc=0x000001c7148f912f sp=0x000000c025bfce88 mode 2
Event: 1.851 Thread 0x000001c7292a1000 Uncommon trap: trap_request=0xffffff45 fr.pc=0x000001c71c3ae190 relative=0x00000000000009b0
Event: 1.851 Thread 0x000001c7292a1000 Uncommon trap: reason=unstable_if action=reinterpret pc=0x000001c71c3ae190 method=java.util.HashMap.resize()[Ljava/util/HashMap$Node; @ 203 c2
Event: 1.851 Thread 0x000001c7292a1000 DEOPT PACKING pc=0x000001c71c3ae190 sp=0x000000c025bfce00
Event: 1.851 Thread 0x000001c7292a1000 DEOPT UNPACKING pc=0x000001c7148f912f sp=0x000000c025bfcda0 mode 2
Event: 1.903 Thread 0x000001c7292a1000 Uncommon trap: trap_request=0xffffff45 fr.pc=0x000001c71c3dce14 relative=0x00000000000003d4
Event: 1.903 Thread 0x000001c7292a1000 Uncommon trap: reason=unstable_if action=reinterpret pc=0x000001c71c3dce14 method=java.util.HashMap.hash(Ljava/lang/Object;)I @ 1 c2
Event: 1.903 Thread 0x000001c7292a1000 DEOPT PACKING pc=0x000001c71c3dce14 sp=0x000000c025bfd7d0
Event: 1.903 Thread 0x000001c7292a1000 DEOPT UNPACKING pc=0x000001c7148f912f sp=0x000000c025bfd718 mode 2
Event: 1.923 Thread 0x000001c7292a1000 Uncommon trap: trap_request=0xffffff45 fr.pc=0x000001c71c3992d4 relative=0x0000000000000234
Event: 1.923 Thread 0x000001c7292a1000 Uncommon trap: reason=unstable_if action=reinterpret pc=0x000001c71c3992d4 method=java.util.HashMap.hash(Ljava/lang/Object;)I @ 1 c2
Event: 1.923 Thread 0x000001c7292a1000 DEOPT PACKING pc=0x000001c71c3992d4 sp=0x000000c025bfd780
Event: 1.923 Thread 0x000001c7292a1000 DEOPT UNPACKING pc=0x000001c7148f912f sp=0x000000c025bfd718 mode 2
Event: 1.952 Thread 0x000001c7292a1000 Uncommon trap: trap_request=0xffffff45 fr.pc=0x000001c71c393854 relative=0x0000000000000034
Event: 1.952 Thread 0x000001c7292a1000 Uncommon trap: reason=unstable_if action=reinterpret pc=0x000001c71c393854 method=java.lang.StringLatin1.canEncode(I)Z @ 4 c2
Event: 1.952 Thread 0x000001c7292a1000 DEOPT PACKING pc=0x000001c71c393854 sp=0x000000c025bfbb50
Event: 1.952 Thread 0x000001c7292a1000 DEOPT UNPACKING pc=0x000001c7148f912f sp=0x000000c025bfbae0 mode 2
Event: 2.188 Thread 0x000001c7292a1000 Uncommon trap: trap_request=0xffffffde fr.pc=0x000001c71c390cc4 relative=0x00000000000001a4
Event: 2.188 Thread 0x000001c7292a1000 Uncommon trap: reason=class_check action=maybe_recompile pc=0x000001c71c390cc4 method=java.lang.String.equals(Ljava/lang/Object;)Z @ 8 c2
Event: 2.188 Thread 0x000001c7292a1000 DEOPT PACKING pc=0x000001c71c390cc4 sp=0x000000c025bfd300

Classes unloaded (0 events):
No events

Classes redefined (0 events):
No events

Internal exceptions (18 events):
Event: 0.295 Thread 0x000001c70c3b1800 Exception <a 'java/lang/NoSuchMethodError'{0x00000000c54dec60}: 'int java.lang.invoke.DirectMethodHandle$Holder.invokeSpecial(java.lang.Object, java.lang.Object, java.lang.Object, java.lang.Object)'> (0x00000000c54dec60) 
thrown [t:/workspace/open/src/hotspot/share/interpreter/linkResolver.cpp, line 767]
Event: 0.348 Thread 0x000001c70c3b1800 Exception <a 'java/lang/NoSuchMethodError'{0x00000000c54e6828}: 'void java.lang.invoke.DirectMethodHandle$Holder.invokeVirtual(java.lang.Object, java.lang.Object)'> (0x00000000c54e6828) 
thrown [t:/workspace/open/src/hotspot/share/interpreter/linkResolver.cpp, line 767]
Event: 0.384 Thread 0x000001c70c3b1800 Exception <a 'java/lang/NoSuchMethodError'{0x00000000c53256a8}: 'int java.lang.invoke.DirectMethodHandle$Holder.invokeSpecialIFC(java.lang.Object, java.lang.Object, int)'> (0x00000000c53256a8) 
thrown [t:/workspace/open/src/hotspot/share/interpreter/linkResolver.cpp, line 767]
Event: 0.715 Thread 0x000001c7290fb000 Exception <a 'java/lang/ClassNotFoundException'{0x00000000c51e7540}: jdk/net/ExtendedSocketOptions> (0x00000000c51e7540) 
thrown [t:/workspace/open/src/hotspot/share/classfile/systemDictionary.cpp, line 232]
Event: 1.202 Thread 0x000001c70c3b1800 Exception <a 'java/lang/NoSuchMethodError'{0x00000000c4dc1750}: 'int java.lang.invoke.DirectMethodHandle$Holder.invokeStaticInit(java.lang.Object, java.lang.Object, java.lang.Object)'> (0x00000000c4dc1750) 
thrown [t:/workspace/open/src/hotspot/share/interpreter/linkResolver.cpp, line 767]
Event: 1.205 Thread 0x000001c70c3b1800 Exception <a 'java/lang/NoSuchMethodError'{0x00000000c4dcc6c0}: 'void java.lang.invoke.DirectMethodHandle$Holder.invokeSpecial(java.lang.Object, java.lang.Object)'> (0x00000000c4dcc6c0) 
thrown [t:/workspace/open/src/hotspot/share/interpreter/linkResolver.cpp, line 767]
Event: 1.236 Thread 0x000001c70c3b1800 Exception <a 'java/lang/NoSuchMethodError'{0x00000000c4cde2b0}: 'java.lang.Object java.lang.invoke.DirectMethodHandle$Holder.invokeStatic(java.lang.Object, java.lang.Object, int, java.lang.Object)'> (0x00000000c4cde2b0) 
thrown [t:/workspace/open/src/hotspot/share/interpreter/linkResolver.cpp, line 767]
Event: 1.237 Thread 0x000001c70c3b1800 Exception <a 'java/lang/NoSuchMethodError'{0x00000000c4ce48a0}: 'java.lang.Object java.lang.invoke.Invokers$Holder.linkToTargetMethod(java.lang.Object, int, java.lang.Object, java.lang.Object)'> (0x00000000c4ce48a0) 
thrown [t:/workspace/open/src/hotspot/share/interpreter/linkResolver.cpp, line 767]
Event: 1.441 Thread 0x000001c7292a1000 Exception <a 'java/lang/NoSuchMethodError'{0x00000000c56c4a10}: 'void java.lang.invoke.DirectMethodHandle$Holder.invokeStaticInit(java.lang.Object)'> (0x00000000c56c4a10) 
thrown [t:/workspace/open/src/hotspot/share/interpreter/linkResolver.cpp, line 767]
Event: 1.454 Thread 0x000001c70c3b1800 Exception <a 'java/lang/NoSuchMethodError'{0x00000000c5507300}: 'java.lang.Object java.lang.invoke.Invokers$Holder.linkToTargetMethod(java.lang.Object, java.lang.Object, java.lang.Object, java.lang.Object, java.lang.Object, java.lang.Object)'> (0x00000000c5507300) 
thrown [t:/workspace/open/src/hotspot/share/interpreter/linkResolver.cpp, line 767]
Event: 1.519 Thread 0x000001c72943e000 Exception <a 'java/lang/NoSuchMethodError'{0x00000000c5388b68}: 'void java.lang.invoke.DirectMethodHandle$Holder.invokeStatic(java.lang.Object, java.lang.Object, java.lang.Object, java.lang.Object)'> (0x00000000c5388b68) 
thrown [t:/workspace/open/src/hotspot/share/interpreter/linkResolver.cpp, line 767]
Event: 1.601 Thread 0x000001c7292a1000 Exception <a 'java/lang/NoSuchMethodError'{0x00000000c51fb798}: 'java.lang.Object java.lang.invoke.DirectMethodHandle$Holder.invokeStaticInit(java.lang.Object, java.lang.Object, java.lang.Object, java.lang.Object)'> (0x00000000c51fb798) 
thrown [t:/workspace/open/src/hotspot/share/interpreter/linkResolver.cpp, line 767]
Event: 1.602 Thread 0x000001c7292a1000 Exception <a 'java/lang/NullPointerException'{0x00000000c50062f0}> (0x00000000c50062f0) 
thrown [t:/workspace/open/src/hotspot/share/interpreter/linkResolver.cpp, line 1349]
Event: 1.607 Thread 0x000001c7292a1000 Exception <a 'java/lang/NoSuchMethodError'{0x00000000c501f7f8}: 'void java.lang.invoke.DirectMethodHandle$Holder.invokeSpecial(java.lang.Object, java.lang.Object, java.lang.Object, java.lang.Object, java.lang.Object)'> (0x00000000c501f7f8) 
thrown [t:/workspace/open/src/hotspot/share/interpreter/linkResolver.cpp, line 767]
Event: 1.674 Thread 0x000001c7292a1000 Exception <a 'sun/nio/fs/WindowsException'{0x00000000c4e2d5a8}> (0x00000000c4e2d5a8) 
thrown [t:/workspace/open/src/hotspot/share/prims/jni.cpp, line 598]
Event: 1.873 Thread 0x000001c7292a1000 Exception <a 'java/lang/NoSuchMethodError'{0x00000000c45e8bb0}: 'void java.lang.invoke.DirectMethodHandle$Holder.invokeStaticInit(java.lang.Object, java.lang.Object)'> (0x00000000c45e8bb0) 
thrown [t:/workspace/open/src/hotspot/share/interpreter/linkResolver.cpp, line 767]
Event: 1.903 Thread 0x000001c7292a1000 Implicit null exception at 0x000001c71c3dca85 to 0x000001c71c3dce02
Event: 1.923 Thread 0x000001c7292a1000 Implicit null exception at 0x000001c71c3990ac to 0x000001c71c3992c6

Events (20 events):
Event: 1.960 loading class sun/util/PropertyResourceBundleCharset
Event: 1.961 loading class sun/util/PropertyResourceBundleCharset done
Event: 1.962 loading class sun/util/PropertyResourceBundleCharset$PropertiesFileDecoder
Event: 1.962 loading class sun/util/PropertyResourceBundleCharset$PropertiesFileDecoder done
Event: 2.051 loading class com/sun/glass/ui/GestureSupport
Event: 2.051 loading class com/sun/glass/ui/GestureSupport done
Event: 2.051 loading class com/sun/glass/ui/TouchInputSupport
Event: 2.051 loading class com/sun/glass/ui/TouchInputSupport done
Event: 2.058 loading class com/sun/glass/ui/TouchInputSupport
Event: 2.058 loading class com/sun/glass/ui/TouchInputSupport done
Event: 2.066 loading class java/lang/StrictMath
Event: 2.067 loading class java/lang/StrictMath done
Event: 2.156 loading class com/sun/javafx/tk/quantum/WindowStage
Event: 2.156 loading class com/sun/javafx/tk/quantum/WindowStage done
Event: 2.156 loading class com/sun/glass/ui/View
Event: 2.156 loading class com/sun/glass/ui/View done
Event: 2.160 loading class com/sun/javafx/tk/quantum/GlassViewEventHandler
Event: 2.160 loading class com/sun/javafx/tk/quantum/GlassViewEventHandler done
Event: 2.164 loading class com/sun/javafx/tk/quantum/GlassWindowEventHandler
Event: 2.164 loading class com/sun/javafx/tk/quantum/GlassWindowEventHandler done


Dynamic libraries:
0x00007ff7204b0000 - 0x00007ff7204bf000 	C:\Program Files\Java\jdk-13.0.2\bin\java.exe
0x00007ff8a6b40000 - 0x00007ff8a6d30000 	C:\WINDOWS\SYSTEM32\ntdll.dll
0x00007ff8a4db0000 - 0x00007ff8a4e62000 	C:\WINDOWS\System32\KERNEL32.DLL
0x00007ff8a3ad0000 - 0x00007ff8a3d73000 	C:\WINDOWS\System32\KERNELBASE.dll
0x00007ff8a4940000 - 0x00007ff8a4a3a000 	C:\WINDOWS\System32\ucrtbase.dll
0x00007ff893a30000 - 0x00007ff893a48000 	C:\Program Files\Java\jdk-13.0.2\bin\jli.dll
0x00007ff893800000 - 0x00007ff893815000 	C:\Program Files\Java\jdk-13.0.2\bin\VCRUNTIME140.dll
0x00007ff8a5500000 - 0x00007ff8a55a3000 	C:\WINDOWS\System32\ADVAPI32.dll
0x00007ff8a4e70000 - 0x00007ff8a4f0e000 	C:\WINDOWS\System32\msvcrt.dll
0x00007ff8a4fe0000 - 0x00007ff8a5077000 	C:\WINDOWS\System32\sechost.dll
0x00007ff8a5ef0000 - 0x00007ff8a6010000 	C:\WINDOWS\System32\RPCRT4.dll
0x00007ff8a6140000 - 0x00007ff8a62d3000 	C:\WINDOWS\System32\USER32.dll
0x00007ff8a3db0000 - 0x00007ff8a3dd1000 	C:\WINDOWS\System32\win32u.dll
0x00007ff88a2c0000 - 0x00007ff88a545000 	C:\WINDOWS\WinSxS\amd64_microsoft.windows.common-controls_6595b64144ccf1df_6.0.18362.175_none_e6c3ab1f131014c9\COMCTL32.dll
0x00007ff8a4f10000 - 0x00007ff8a4f36000 	C:\WINDOWS\System32\GDI32.dll
0x00007ff8a50f0000 - 0x00007ff8a5426000 	C:\WINDOWS\System32\combase.dll
0x00007ff8a4650000 - 0x00007ff8a47e4000 	C:\WINDOWS\System32\gdi32full.dll
0x00007ff8a4a40000 - 0x00007ff8a4ac1000 	C:\WINDOWS\System32\bcryptPrimitives.dll
0x00007ff8a45b0000 - 0x00007ff8a464e000 	C:\WINDOWS\System32\msvcp_win.dll
0x00007ff89eaa0000 - 0x00007ff89eaaa000 	C:\WINDOWS\SYSTEM32\VERSION.dll
0x00007ff8a5630000 - 0x00007ff8a565e000 	C:\WINDOWS\System32\IMM32.DLL
0x00007ff878370000 - 0x00007ff87840b000 	C:\Program Files\Java\jdk-13.0.2\bin\msvcp140.dll
0x00007ff85dcd0000 - 0x00007ff85e82d000 	C:\Program Files\Java\jdk-13.0.2\bin\server\jvm.dll
0x00007ff8a5ee0000 - 0x00007ff8a5ee8000 	C:\WINDOWS\System32\PSAPI.DLL
0x00007ff89df40000 - 0x00007ff89df49000 	C:\WINDOWS\SYSTEM32\WSOCK32.dll
0x00007ff890c40000 - 0x00007ff890c64000 	C:\WINDOWS\SYSTEM32\WINMM.dll
0x00007ff8a5660000 - 0x00007ff8a56cf000 	C:\WINDOWS\System32\WS2_32.dll
0x00007ff890c10000 - 0x00007ff890c3d000 	C:\WINDOWS\SYSTEM32\WINMMBASE.dll
0x00007ff8a4560000 - 0x00007ff8a45aa000 	C:\WINDOWS\System32\cfgmgr32.dll
0x00007ff8a3a60000 - 0x00007ff8a3a71000 	C:\WINDOWS\System32\kernel.appcore.dll
0x00007ff896560000 - 0x00007ff896570000 	C:\Program Files\Java\jdk-13.0.2\bin\verify.dll
0x00007ff898570000 - 0x00007ff898764000 	C:\WINDOWS\SYSTEM32\DBGHELP.DLL
0x00007ff898540000 - 0x00007ff89856a000 	C:\WINDOWS\SYSTEM32\dbgcore.DLL
0x00007ff891860000 - 0x00007ff891886000 	C:\Program Files\Java\jdk-13.0.2\bin\java.dll
0x00007ff894cc0000 - 0x00007ff894cce000 	C:\Program Files\Java\jdk-13.0.2\bin\instrument.dll
0x00007ff8931b0000 - 0x00007ff8931c7000 	C:\Program Files\Java\jdk-13.0.2\bin\zip.dll
0x00007ff895170000 - 0x00007ff89517a000 	C:\Program Files\Java\jdk-13.0.2\bin\jimage.dll
0x00007ff8a6420000 - 0x00007ff8a6b00000 	C:\WINDOWS\System32\SHELL32.dll
0x00007ff8a5dd0000 - 0x00007ff8a5e79000 	C:\WINDOWS\System32\shcore.dll
0x00007ff8a3de0000 - 0x00007ff8a455b000 	C:\WINDOWS\System32\windows.storage.dll
0x00007ff8a3a40000 - 0x00007ff8a3a5f000 	C:\WINDOWS\System32\profapi.dll
0x00007ff8a3a80000 - 0x00007ff8a3aca000 	C:\WINDOWS\System32\powrprof.dll
0x00007ff8a3a10000 - 0x00007ff8a3a20000 	C:\WINDOWS\System32\UMPDC.dll
0x00007ff8a6010000 - 0x00007ff8a6062000 	C:\WINDOWS\System32\shlwapi.dll
0x00007ff8a4ad0000 - 0x00007ff8a4ae7000 	C:\WINDOWS\System32\cryptsp.dll
0x00007ff895180000 - 0x00007ff895199000 	C:\Program Files\Java\jdk-13.0.2\bin\net.dll
0x00007ff89fe60000 - 0x00007ff89ff4f000 	C:\WINDOWS\SYSTEM32\WINHTTP.dll
0x00007ff8a3230000 - 0x00007ff8a3297000 	C:\WINDOWS\system32\mswsock.dll
0x00007ff88e910000 - 0x00007ff88e923000 	C:\Program Files\Java\jdk-13.0.2\bin\nio.dll
0x00007ff88ba40000 - 0x00007ff88ba5a000 	C:\Program Files\JetBrains\IntelliJ IDEA Community Edition 2019.3.4\bin\breakgen64.dll
0x000001c70c2e0000 - 0x000001c70c2e3000 	C:\Users\User\Documents\lib\javafx-sdk-11.0.2\bin\api-ms-win-core-console-l1-1-0.dll
0x000001c70c2f0000 - 0x000001c70c2f3000 	C:\Users\User\Documents\lib\javafx-sdk-11.0.2\bin\api-ms-win-core-datetime-l1-1-0.dll
0x000001c70c300000 - 0x000001c70c303000 	C:\Users\User\Documents\lib\javafx-sdk-11.0.2\bin\api-ms-win-core-debug-l1-1-0.dll
0x000001c70c310000 - 0x000001c70c313000 	C:\Users\User\Documents\lib\javafx-sdk-11.0.2\bin\api-ms-win-core-errorhandling-l1-1-0.dll
0x000001c70c320000 - 0x000001c70c324000 	C:\Users\User\Documents\lib\javafx-sdk-11.0.2\bin\api-ms-win-core-file-l1-1-0.dll
0x000001c70c330000 - 0x000001c70c333000 	C:\Users\User\Documents\lib\javafx-sdk-11.0.2\bin\api-ms-win-core-file-l1-2-0.dll
0x000001c70c340000 - 0x000001c70c343000 	C:\Users\User\Documents\lib\javafx-sdk-11.0.2\bin\api-ms-win-core-file-l2-1-0.dll
0x000001c70c350000 - 0x000001c70c353000 	C:\Users\User\Documents\lib\javafx-sdk-11.0.2\bin\api-ms-win-core-handle-l1-1-0.dll
0x000001c70c360000 - 0x000001c70c363000 	C:\Users\User\Documents\lib\javafx-sdk-11.0.2\bin\api-ms-win-core-heap-l1-1-0.dll
0x000001c70c370000 - 0x000001c70c373000 	C:\Users\User\Documents\lib\javafx-sdk-11.0.2\bin\api-ms-win-core-interlocked-l1-1-0.dll
0x000001c729940000 - 0x000001c729943000 	C:\Users\User\Documents\lib\javafx-sdk-11.0.2\bin\api-ms-win-core-libraryloader-l1-1-0.dll
0x000001c729950000 - 0x000001c729953000 	C:\Users\User\Documents\lib\javafx-sdk-11.0.2\bin\api-ms-win-core-localization-l1-2-0.dll
0x000001c729960000 - 0x000001c729963000 	C:\Users\User\Documents\lib\javafx-sdk-11.0.2\bin\api-ms-win-core-memory-l1-1-0.dll
0x000001c729970000 - 0x000001c729973000 	C:\Users\User\Documents\lib\javafx-sdk-11.0.2\bin\api-ms-win-core-namedpipe-l1-1-0.dll
0x000001c729980000 - 0x000001c729983000 	C:\Users\User\Documents\lib\javafx-sdk-11.0.2\bin\api-ms-win-core-processenvironment-l1-1-0.dll
0x000001c729990000 - 0x000001c729993000 	C:\Users\User\Documents\lib\javafx-sdk-11.0.2\bin\api-ms-win-core-processthreads-l1-1-0.dll
0x000001c7299a0000 - 0x000001c7299a3000 	C:\Users\User\Documents\lib\javafx-sdk-11.0.2\bin\api-ms-win-core-processthreads-l1-1-1.dll
0x000001c7299b0000 - 0x000001c7299b3000 	C:\Users\User\Documents\lib\javafx-sdk-11.0.2\bin\api-ms-win-core-profile-l1-1-0.dll
0x000001c7299c0000 - 0x000001c7299c3000 	C:\Users\User\Documents\lib\javafx-sdk-11.0.2\bin\api-ms-win-core-rtlsupport-l1-1-0.dll
0x000001c7299d0000 - 0x000001c7299d3000 	C:\Users\User\Documents\lib\javafx-sdk-11.0.2\bin\api-ms-win-core-string-l1-1-0.dll
0x000001c7299e0000 - 0x000001c7299e3000 	C:\Users\User\Documents\lib\javafx-sdk-11.0.2\bin\api-ms-win-core-synch-l1-1-0.dll
0x000001c7299f0000 - 0x000001c7299f3000 	C:\Users\User\Documents\lib\javafx-sdk-11.0.2\bin\api-ms-win-core-synch-l1-2-0.dll
0x000001c729a00000 - 0x000001c729a03000 	C:\Users\User\Documents\lib\javafx-sdk-11.0.2\bin\api-ms-win-core-sysinfo-l1-1-0.dll
0x000001c729a10000 - 0x000001c729a13000 	C:\Users\User\Documents\lib\javafx-sdk-11.0.2\bin\api-ms-win-core-timezone-l1-1-0.dll
0x000001c729a20000 - 0x000001c729a23000 	C:\Users\User\Documents\lib\javafx-sdk-11.0.2\bin\api-ms-win-core-util-l1-1-0.dll
0x000001c729a30000 - 0x000001c729a33000 	C:\Users\User\Documents\lib\javafx-sdk-11.0.2\bin\api-ms-win-crt-conio-l1-1-0.dll
0x000001c729a40000 - 0x000001c729a44000 	C:\Users\User\Documents\lib\javafx-sdk-11.0.2\bin\api-ms-win-crt-convert-l1-1-0.dll
0x000001c729a50000 - 0x000001c729a53000 	C:\Users\User\Documents\lib\javafx-sdk-11.0.2\bin\api-ms-win-crt-environment-l1-1-0.dll
0x000001c729a60000 - 0x000001c729a63000 	C:\Users\User\Documents\lib\javafx-sdk-11.0.2\bin\api-ms-win-crt-filesystem-l1-1-0.dll
0x000001c729a70000 - 0x000001c729a73000 	C:\Users\User\Documents\lib\javafx-sdk-11.0.2\bin\api-ms-win-crt-heap-l1-1-0.dll
0x000001c729a80000 - 0x000001c729a83000 	C:\Users\User\Documents\lib\javafx-sdk-11.0.2\bin\api-ms-win-crt-locale-l1-1-0.dll
0x000001c729a90000 - 0x000001c729a95000 	C:\Users\User\Documents\lib\javafx-sdk-11.0.2\bin\api-ms-win-crt-math-l1-1-0.dll
0x000001c729aa0000 - 0x000001c729aa5000 	C:\Users\User\Documents\lib\javafx-sdk-11.0.2\bin\api-ms-win-crt-multibyte-l1-1-0.dll
0x000001c729ab0000 - 0x000001c729ac0000 	C:\Users\User\Documents\lib\javafx-sdk-11.0.2\bin\api-ms-win-crt-private-l1-1-0.dll
0x000001c729ac0000 - 0x000001c729ac3000 	C:\Users\User\Documents\lib\javafx-sdk-11.0.2\bin\api-ms-win-crt-process-l1-1-0.dll
0x000001c729ad0000 - 0x000001c729ad4000 	C:\Users\User\Documents\lib\javafx-sdk-11.0.2\bin\api-ms-win-crt-runtime-l1-1-0.dll
0x000001c729ae0000 - 0x000001c729ae4000 	C:\Users\User\Documents\lib\javafx-sdk-11.0.2\bin\api-ms-win-crt-stdio-l1-1-0.dll
0x000001c729af0000 - 0x000001c729af4000 	C:\Users\User\Documents\lib\javafx-sdk-11.0.2\bin\api-ms-win-crt-string-l1-1-0.dll
0x000001c729b00000 - 0x000001c729b03000 	C:\Users\User\Documents\lib\javafx-sdk-11.0.2\bin\api-ms-win-crt-time-l1-1-0.dll
0x000001c729b10000 - 0x000001c729b13000 	C:\Users\User\Documents\lib\javafx-sdk-11.0.2\bin\api-ms-win-crt-utility-l1-1-0.dll
0x00007ff86ffa0000 - 0x00007ff87009a000 	C:\Users\User\Documents\lib\javafx-sdk-11.0.2\bin\ucrtbase.dll
0x00007ff88aba0000 - 0x00007ff88abb6000 	C:\Users\User\Documents\lib\javafx-sdk-11.0.2\bin\vcruntime140.dll
0x00007ff876370000 - 0x00007ff876416000 	C:\Users\User\Documents\lib\javafx-sdk-11.0.2\bin\msvcp140.dll
0x00007ff888e70000 - 0x00007ff888ec1000 	C:\Users\User\Documents\lib\javafx-sdk-11.0.2\bin\concrt140.dll
0x00007ff88a900000 - 0x00007ff88a923000 	C:\Users\User\Documents\lib\javafx-sdk-11.0.2\bin\prism_d3d.dll
0x00007ff88d270000 - 0x00007ff88d436000 	C:\WINDOWS\system32\d3d9.dll
0x00007ff8a1da0000 - 0x00007ff8a1dcd000 	C:\WINDOWS\SYSTEM32\dwmapi.dll
0x00007ff8a2680000 - 0x00007ff8a26a0000 	C:\WINDOWS\SYSTEM32\dxcore.dll
0x00007ff8a1cd0000 - 0x00007ff8a1d69000 	C:\WINDOWS\system32\uxtheme.dll
0x00007ff861d60000 - 0x00007ff861f20000 	C:\WINDOWS\System32\DriverStore\FileRepository\igdlh64.inf_amd64_862bac15d0efb48d\igdumdim64.dll
0x00007ff89b1c0000 - 0x00007ff89b312000 	C:\WINDOWS\System32\DriverStore\FileRepository\igdlh64.inf_amd64_862bac15d0efb48d\igdgmm64.dll
0x00007ff888dc0000 - 0x00007ff888e05000 	C:\Users\User\Documents\lib\javafx-sdk-11.0.2\bin\glass.dll
0x00007ff8a5430000 - 0x00007ff8a54ff000 	C:\WINDOWS\System32\COMDLG32.dll
0x00007ff8a5bf0000 - 0x00007ff8a5d46000 	C:\WINDOWS\System32\ole32.dll
0x00007ff8a6070000 - 0x00007ff8a6134000 	C:\WINDOWS\System32\OLEAUT32.dll
0x00007ff8a62e0000 - 0x00007ff8a6417000 	C:\WINDOWS\System32\MSCTF.dll
0x00007ff84ac40000 - 0x00007ff84e81b000 	C:\WINDOWS\System32\DriverStore\FileRepository\igdlh64.inf_amd64_862bac15d0efb48d\igd9dxva64.dll
0x00007ff88d550000 - 0x00007ff88d572000 	C:\WINDOWS\System32\DriverStore\FileRepository\igdlh64.inf_amd64_862bac15d0efb48d\igdinfo64.dll
0x00007ff898e60000 - 0x00007ff89b1b6000 	C:\WINDOWS\System32\DriverStore\FileRepository\igdlh64.inf_amd64_862bac15d0efb48d\igc64.dll
0x00007ff888e50000 - 0x00007ff888e64000 	C:\Users\User\Documents\lib\javafx-sdk-11.0.2\bin\javafx_font.dll
0x00007ff88ac20000 - 0x00007ff88af20000 	C:\WINDOWS\SYSTEM32\dwrite.dll
0x00007ff8a56d0000 - 0x00007ff8a5772000 	C:\WINDOWS\System32\clbcatq.dll
0x00007ff8a1b20000 - 0x00007ff8a1ccf000 	C:\WINDOWS\SYSTEM32\WindowsCodecs.dll
0x00007ff894240000 - 0x00007ff89427a000 	C:\WINDOWS\system32\dataexchange.dll
0x00007ff8a09c0000 - 0x00007ff8a0c1b000 	C:\WINDOWS\system32\d3d11.dll
0x00007ff8a2710000 - 0x00007ff8a27fa000 	C:\WINDOWS\system32\dxgi.dll
0x00007ff8a1080000 - 0x00007ff8a125b000 	C:\WINDOWS\system32\dcomp.dll
0x00007ff89d030000 - 0x00007ff89d28a000 	C:\WINDOWS\system32\twinapi.appcore.dll
0x00007ff89f700000 - 0x00007ff89f729000 	C:\WINDOWS\system32\RMCLIENT.dll
0x00007ff8876a0000 - 0x00007ff8876d3000 	C:\Program Files\Common Files\Microsoft Shared\Ink\rtscom.dll
0x00007ff897f20000 - 0x00007ff897fbe000 	C:\WINDOWS\System32\TextInputFramework.dll
0x00007ff89d650000 - 0x00007ff89d979000 	C:\WINDOWS\System32\CoreUIComponents.dll
0x00007ff8a1260000 - 0x00007ff8a1334000 	C:\WINDOWS\System32\CoreMessaging.dll
0x00007ff8a2b90000 - 0x00007ff8a2bc1000 	C:\WINDOWS\SYSTEM32\ntmarta.dll
0x00007ff89d4f0000 - 0x00007ff89d643000 	C:\WINDOWS\SYSTEM32\wintypes.dll
0x00007ff89f450000 - 0x00007ff89f6f6000 	C:\WINDOWS\System32\iertutil.dll

dbghelp: loaded successfully - version: 4.0.5 - missing functions: none
symbol engine: initialized successfully - sym options: 0x614 - pdb path: .;C:\Program Files\Java\jdk-13.0.2\bin;C:\WINDOWS\SYSTEM32;C:\WINDOWS\WinSxS\amd64_microsoft.windows.common-controls_6595b64144ccf1df_6.0.18362.175_none_e6c3ab1f131014c9;C:\Program Files\Java\jdk-13.0.2\bin\server;C:\Program Files\JetBrains\IntelliJ IDEA Community Edition 2019.3.4\bin;C:\Users\User\Documents\lib\javafx-sdk-11.0.2\bin;C:\WINDOWS\System32\DriverStore\FileRepository\igdlh64.inf_amd64_862bac15d0efb48d;C:\Program Files\Common Files\Microsoft Shared\Ink

VM Arguments:
jvm_args: --add-modules=javafx.base,javafx.graphics --add-reads=javafx.base=ALL-UNNAMED --add-reads=javafx.graphics=ALL-UNNAMED -javaagent:C:\Program Files\JetBrains\IntelliJ IDEA Community Edition 2019.3.4\lib\idea_rt.jar=50333:C:\Program Files\JetBrains\IntelliJ IDEA Community Edition 2019.3.4\bin -Dfile.encoding=UTF-8 --module-path=C:\Users\User\Documents\lib\javafx-sdk-11.0.2\lib\javafx.base.jar;C:\Users\User\Documents\lib\javafx-sdk-11.0.2\lib\javafx.graphics.jar;C:\Users\User\IdeaProjects\Tree_Visualization_Project\out\production\Tree_Visualization_Project;C:\Users\User\Documents\lib\javafx-sdk-11.0.2\lib\javafx-swt.jar;C:\Users\User\Documents\lib\javafx-sdk-11.0.2\lib\javafx.controls.jar;C:\Users\User\Documents\lib\javafx-sdk-11.0.2\lib\javafx.fxml.jar;C:\Users\User\Documents\lib\javafx-sdk-11.0.2\lib\javafx.media.jar;C:\Users\User\Documents\lib\javafx-sdk-11.0.2\lib\javafx.swing.jar;C:\Users\User\Documents\lib\javafx-sdk-11.0.2\lib\javafx.web.jar -Djdk.module.main=JavaFX.Test.Prj 
java_command: JavaFX.Test.Prj/view.Main
java_class_path (initial): <not set>
Launcher Type: SUN_STANDARD

[Global flags]
     intx CICompilerCount                          = 3                                         {product} {ergonomic}
     uint ConcGCThreads                            = 1                                         {product} {ergonomic}
     uint G1ConcRefinementThreads                  = 4                                         {product} {ergonomic}
   size_t G1HeapRegionSize                         = 1048576                                   {product} {ergonomic}
    uintx GCDrainStackTargetSize                   = 64                                        {product} {ergonomic}
   size_t InitialHeapSize                          = 67108864                                  {product} {ergonomic}
   size_t MarkStackSize                            = 4194304                                   {product} {ergonomic}
   size_t MaxHeapSize                              = 1048576000                                {product} {ergonomic}
   size_t MaxNewSize                               = 629145600                                 {product} {ergonomic}
   size_t MinHeapDeltaBytes                        = 1048576                                   {product} {ergonomic}
   size_t MinHeapSize                              = 8388608                                   {product} {ergonomic}
    uintx NonNMethodCodeHeapSize                   = 5832780                                {pd product} {ergonomic}
    uintx NonProfiledCodeHeapSize                  = 122912730                              {pd product} {ergonomic}
    uintx ProfiledCodeHeapSize                     = 122912730                              {pd product} {ergonomic}
    uintx ReservedCodeCacheSize                    = 251658240                              {pd product} {ergonomic}
     bool SegmentedCodeCache                       = true                                      {product} {ergonomic}
   size_t SoftMaxHeapSize                          = 1048576000                             {manageable} {ergonomic}
     bool UseCompressedClassPointers               = true                                 {lp64_product} {ergonomic}
     bool UseCompressedOops                        = true                                 {lp64_product} {ergonomic}
     bool UseG1GC                                  = true                                      {product} {ergonomic}
     bool UseLargePagesIndividualAllocation        = false                                  {pd product} {ergonomic}

Logging:
Log output configuration:
 #0: stdout all=warning uptime,level,tags
 #1: stderr all=off uptime,level,tags

Environment Variables:
JAVA_HOME=C:\Program Files\Java\jdk1.8.0_221
PATH=C:\Program Files (x86)\Common Files\Intel\Shared Files\cpp\bin\Intel64;C:\WINDOWS\system32;C:\WINDOWS;C:\WINDOWS\System32\Wbem;C:\WINDOWS\System32\WindowsPowerShell\v1.0\;C:\WINDOWS\System32\OpenSSH\;C:\Program Files\NVIDIA Corporation\NVIDIA NvDLISR;C:\Program Files (x86)\Windows Live\Shared;C:\Program Files\nodejs\;C:\Program Files\MongoDB\Server\4.2\bin;C:\Program Files\Git\cmd;C:\MinGW\bin;;%SystemRoot%\system32;%SystemRoot%;%SystemRoot%\System32\Wbem;%SYSTEMROOT%\System32\WindowsPowerShell\v1.0\;%SYSTEMROOT%\System32\OpenSSH\;C:\Program Files\MySQL\MySQL Shell 8.0\bin\;C:\Users\User\AppData\Roaming\npm;C:\Users\User\AppData\Local\Programs\Microsoft VS Code\bin;C:\Program Files\JetBrains\IntelliJ IDEA Community Edition 2019.3.4\bin;;C:\Users\User\AppData\Local\Microsoft\WindowsApps;
USERNAME=User
OS=Windows_NT
PROCESSOR_IDENTIFIER=Intel64 Family 6 Model 142 Stepping 9, GenuineIntel



---------------  S Y S T E M  ---------------

OS: Windows 10 , 64 bit Build 18362 (10.0.18362.86)
HyperV virtualization detected

CPU:total 4 (initial active 4) (2 cores per cpu, 2 threads per core) family 6 model 142 stepping 9, cmov, cx8, fxsr, mmx, sse, sse2, sse3, ssse3, sse4.1, sse4.2, popcnt, avx, avx2, aes, clmul, erms, 3dnowpref, lzcnt, ht, tsc, tscinvbit, bmi1, bmi2, adx, fma

Memory: 4k page, system-wide physical 3993M (422M free)
TotalPageFile size 8089M (AvailPageFile size 1M)
current process WorkingSet (physical memory assigned to process): 115M, peak: 115M
current process commit charge ("private bytes"): 195M, peak: 196M

vm_info: Java HotSpot(TM) 64-Bit Server VM (13.0.2+8) for windows-amd64 JRE (13.0.2+8), built on Dec 11 2019 09:20:33 by "mach5one" with unknown MS VC++:1916

END.
