#
# There is insufficient memory for the Java Runtime Environment to continue.
# Native memory allocation (mmap) failed to map 67108864 bytes for Failed to commit area from 0x00000000c1800000 to 0x00000000c5800000 of length 67108864.
# Possible reasons:
#   The system is out of physical RAM or swap space
#   The process is running with CompressedOops enabled, and the Java Heap may be blocking the growth of the native heap
# Possible solutions:
#   Reduce memory load on the system
#   Increase physical memory or swap space
#   Check if swap backing store is full
#   Decrease Java heap size (-Xmx/-Xms)
#   Decrease number of Java threads
#   Decrease Java thread stack sizes (-Xss)
#   Set larger code cache with -XX:ReservedCodeCacheSize=
# This output file may be truncated or incomplete.
#
#  Out of Memory Error (t:/workspace/open/src/hotspot/os/windows/os_windows.cpp:3301), pid=20716, tid=5936
#
# JRE version:  (13.0.2+8) (build )
# Java VM: Java HotSpot(TM) 64-Bit Server VM (13.0.2+8, mixed mode, aot, sharing, tiered, compressed oops, g1 gc, windows-amd64)
# No core dump will be written. Minidumps are not enabled by default on client versions of Windows
#

---------------  S U M M A R Y ------------

Command Line: --add-modules=javafx.base,javafx.graphics --add-reads=javafx.base=ALL-UNNAMED --add-reads=javafx.graphics=ALL-UNNAMED -javaagent:C:\Program Files\JetBrains\IntelliJ IDEA Community Edition 2019.3.4\lib\idea_rt.jar=58924:C:\Program Files\JetBrains\IntelliJ IDEA Community Edition 2019.3.4\bin -Dfile.encoding=UTF-8 --module-path=C:\Users\User\Documents\lib\javafx-sdk-11.0.2\lib\javafx.base.jar;C:\Users\User\Documents\lib\javafx-sdk-11.0.2\lib\javafx.graphics.jar;C:\Users\User\IdeaProjects\Tree_Visualization_Project\out\production\Tree_Visualization_Project;C:\Users\User\Documents\lib\javafx-sdk-11.0.2\lib\javafx-swt.jar;C:\Users\User\Documents\lib\javafx-sdk-11.0.2\lib\javafx.controls.jar;C:\Users\User\Documents\lib\javafx-sdk-11.0.2\lib\javafx.fxml.jar;C:\Users\User\Documents\lib\javafx-sdk-11.0.2\lib\javafx.media.jar;C:\Users\User\Documents\lib\javafx-sdk-11.0.2\lib\javafx.swing.jar;C:\Users\User\Documents\lib\javafx-sdk-11.0.2\lib\javafx.web.jar -Djdk.module.main=JavaFX.Test.Prj JavaFX.Test.Prj/view.Main

Host: Intel(R) Core(TM) i5-7200U CPU @ 2.50GHz, 4 cores, 3G,  Windows 10 , 64 bit Build 18362 (10.0.18362.86)
Time: Mon Jun  1 21:10:01 2020 SE Asia Standard Time elapsed time: 0 seconds (0d 0h 0m 0s)

---------------  T H R E A D  ---------------

Current thread (0x00000192894ad800):  JavaThread "Unknown thread" [_thread_in_vm, id=5936, stack(0x00000019b7400000,0x00000019b7500000)]

Stack: [0x00000019b7400000,0x00000019b7500000]
Native frames: (J=compiled Java code, j=interpreted, Vv=VM code, C=native code)
V  [jvm.dll+0x624f9a]
V  [jvm.dll+0x770cfa]
V  [jvm.dll+0x7724af]
V  [jvm.dll+0x772ab3]
V  [jvm.dll+0x24bf08]
V  [jvm.dll+0x6222aa]
V  [jvm.dll+0x6170b5]
V  [jvm.dll+0x30a88c]
V  [jvm.dll+0x30a6c2]
V  [jvm.dll+0x30fe36]
V  [jvm.dll+0x353f46]
V  [jvm.dll+0x353720]
V  [jvm.dll+0x2e550a]
V  [jvm.dll+0x2e67a2]
V  [jvm.dll+0x74dd78]
V  [jvm.dll+0x361989]
V  [jvm.dll+0x730e65]
V  [jvm.dll+0x3cc53f]
V  [jvm.dll+0x3ce861]
C  [jli.dll+0x51ff]
C  [ucrtbase.dll+0x1d912]
C  [KERNEL32.DLL+0x17bd4]
C  [ntdll.dll+0x6ce71]


---------------  P R O C E S S  ---------------

Threads class SMR info:
_java_thread_list=0x00007ff85e19ccb8, length=0, elements={
}

Java Threads: ( => current thread )

Other Threads:
  0x00000192894df800 GCTaskThread "GC Thread#0" [stack: 0x00000019b7500000,0x00000019b7600000] [id=20868]
  0x00000192894ea000 ConcurrentGCThread "G1 Main Marker" [stack: 0x00000019b7600000,0x00000019b7700000] [id=18260]
  0x00000192894ec000 ConcurrentGCThread "G1 Conc#0" [stack: 0x00000019b7700000,0x00000019b7800000] [id=1076]

[error occurred during error reporting (printing all threads), id 0xc0000005, EXCEPTION_ACCESS_VIOLATION (0xc0000005) at pc=0x00007ff85d9d51d7]

VM state:not at safepoint (not fully initialized)

VM Mutex/Monitor currently owned by a thread:  ([mutex/lock_event])
[0x00000192894a8e00] Heap_lock - owner thread: 0x00000192894ad800

Heap address: 0x00000000c1800000, size: 1000 MB, Compressed Oops mode: Non-zero based: 0x00000000c1800000
Narrow klass base: 0x0000000000000000, Narrow klass shift: 0

GC Heap History (0 events):
No events

Deoptimization events (0 events):
No events

Classes unloaded (0 events):
No events

Classes redefined (0 events):
No events

Internal exceptions (0 events):
No events

Events (8 events):
Event: 0.020 Loaded shared library C:\Program Files\Java\jdk-13.0.2\bin\zip.dll
Event: 0.021 Loaded shared library C:\Program Files\Java\jdk-13.0.2\bin\jimage.dll
Event: 0.023 Loading shared library C:\Program Files\Java\jdk-13.0.2\lib\libjava.base-coop.dll failed, error code 126
Event: 0.023 Loading shared library C:\Program Files\Java\jdk-13.0.2\lib\libjava.logging-coop.dll failed, error code 126
Event: 0.023 Loading shared library C:\Program Files\Java\jdk-13.0.2\lib\libjdk.compiler-coop.dll failed, error code 126
Event: 0.023 Loading shared library C:\Program Files\Java\jdk-13.0.2\lib\libjdk.scripting.nashorn-coop.dll failed, error code 126
Event: 0.023 Loading shared library C:\Program Files\Java\jdk-13.0.2\lib\libjdk.internal.vm.ci-coop.dll failed, error code 126
Event: 0.023 Loading shared library C:\Program Files\Java\jdk-13.0.2\lib\libjdk.internal.vm.compiler-coop.dll failed, error code 126


Dynamic libraries:
0x00007ff6b8a20000 - 0x00007ff6b8a2f000 	C:\Program Files\Java\jdk-13.0.2\bin\java.exe
0x00007ff8a6b40000 - 0x00007ff8a6d30000 	C:\WINDOWS\SYSTEM32\ntdll.dll
0x00007ff8a4db0000 - 0x00007ff8a4e62000 	C:\WINDOWS\System32\KERNEL32.DLL
0x00007ff8a3ad0000 - 0x00007ff8a3d73000 	C:\WINDOWS\System32\KERNELBASE.dll
0x00007ff8a4940000 - 0x00007ff8a4a3a000 	C:\WINDOWS\System32\ucrtbase.dll
0x00007ff897a00000 - 0x00007ff897a18000 	C:\Program Files\Java\jdk-13.0.2\bin\jli.dll
0x00007ff8a5500000 - 0x00007ff8a55a3000 	C:\WINDOWS\System32\ADVAPI32.dll
0x00007ff8a4e70000 - 0x00007ff8a4f0e000 	C:\WINDOWS\System32\msvcrt.dll
0x00007ff8a4fe0000 - 0x00007ff8a5077000 	C:\WINDOWS\System32\sechost.dll
0x00007ff8979e0000 - 0x00007ff8979f5000 	C:\Program Files\Java\jdk-13.0.2\bin\VCRUNTIME140.dll
0x00007ff8a5ef0000 - 0x00007ff8a6010000 	C:\WINDOWS\System32\RPCRT4.dll
0x00007ff8a6140000 - 0x00007ff8a62d3000 	C:\WINDOWS\System32\USER32.dll
0x00007ff8a3db0000 - 0x00007ff8a3dd1000 	C:\WINDOWS\System32\win32u.dll
0x00007ff8a4f10000 - 0x00007ff8a4f36000 	C:\WINDOWS\System32\GDI32.dll
0x00007ff8a4650000 - 0x00007ff8a47e4000 	C:\WINDOWS\System32\gdi32full.dll
0x00007ff8a45b0000 - 0x00007ff8a464e000 	C:\WINDOWS\System32\msvcp_win.dll
0x00007ff88a2c0000 - 0x00007ff88a545000 	C:\WINDOWS\WinSxS\amd64_microsoft.windows.common-controls_6595b64144ccf1df_6.0.18362.175_none_e6c3ab1f131014c9\COMCTL32.dll
0x00007ff8a50f0000 - 0x00007ff8a5426000 	C:\WINDOWS\System32\combase.dll
0x00007ff8a4a40000 - 0x00007ff8a4ac1000 	C:\WINDOWS\System32\bcryptPrimitives.dll
0x00007ff89eaa0000 - 0x00007ff89eaaa000 	C:\WINDOWS\SYSTEM32\VERSION.dll
0x00007ff8a5630000 - 0x00007ff8a565e000 	C:\WINDOWS\System32\IMM32.DLL
0x00007ff8943a0000 - 0x00007ff89443b000 	C:\Program Files\Java\jdk-13.0.2\bin\msvcp140.dll
0x00007ff85d6e0000 - 0x00007ff85e23d000 	C:\Program Files\Java\jdk-13.0.2\bin\server\jvm.dll
0x00007ff8a5ee0000 - 0x00007ff8a5ee8000 	C:\WINDOWS\System32\PSAPI.DLL
0x00007ff89df40000 - 0x00007ff89df49000 	C:\WINDOWS\SYSTEM32\WSOCK32.dll
0x00007ff8a5660000 - 0x00007ff8a56cf000 	C:\WINDOWS\System32\WS2_32.dll
0x00007ff890c40000 - 0x00007ff890c64000 	C:\WINDOWS\SYSTEM32\WINMM.dll
0x00007ff890c10000 - 0x00007ff890c3d000 	C:\WINDOWS\SYSTEM32\WINMMBASE.dll
0x00007ff8a4560000 - 0x00007ff8a45aa000 	C:\WINDOWS\System32\cfgmgr32.dll
0x00007ff8a3a60000 - 0x00007ff8a3a71000 	C:\WINDOWS\System32\kernel.appcore.dll
0x00007ff8a1aa0000 - 0x00007ff8a1ab0000 	C:\Program Files\Java\jdk-13.0.2\bin\verify.dll
0x00007ff898570000 - 0x00007ff898764000 	C:\WINDOWS\SYSTEM32\DBGHELP.DLL
0x00007ff898540000 - 0x00007ff89856a000 	C:\WINDOWS\SYSTEM32\dbgcore.DLL
0x00007ff897920000 - 0x00007ff897946000 	C:\Program Files\Java\jdk-13.0.2\bin\java.dll
0x00007ff8984e0000 - 0x00007ff8984ee000 	C:\Program Files\Java\jdk-13.0.2\bin\instrument.dll
0x00007ff897380000 - 0x00007ff897397000 	C:\Program Files\Java\jdk-13.0.2\bin\zip.dll
0x00007ff896df0000 - 0x00007ff896dfa000 	C:\Program Files\Java\jdk-13.0.2\bin\jimage.dll

dbghelp: loaded successfully - version: 4.0.5 - missing functions: none
symbol engine: initialized successfully - sym options: 0x614 - pdb path: .;C:\Program Files\Java\jdk-13.0.2\bin;C:\WINDOWS\SYSTEM32;C:\WINDOWS\WinSxS\amd64_microsoft.windows.common-controls_6595b64144ccf1df_6.0.18362.175_none_e6c3ab1f131014c9;C:\Program Files\Java\jdk-13.0.2\bin\server

VM Arguments:
jvm_args: --add-modules=javafx.base,javafx.graphics --add-reads=javafx.base=ALL-UNNAMED --add-reads=javafx.graphics=ALL-UNNAMED -javaagent:C:\Program Files\JetBrains\IntelliJ IDEA Community Edition 2019.3.4\lib\idea_rt.jar=58924:C:\Program Files\JetBrains\IntelliJ IDEA Community Edition 2019.3.4\bin -Dfile.encoding=UTF-8 --module-path=C:\Users\User\Documents\lib\javafx-sdk-11.0.2\lib\javafx.base.jar;C:\Users\User\Documents\lib\javafx-sdk-11.0.2\lib\javafx.graphics.jar;C:\Users\User\IdeaProjects\Tree_Visualization_Project\out\production\Tree_Visualization_Project;C:\Users\User\Documents\lib\javafx-sdk-11.0.2\lib\javafx-swt.jar;C:\Users\User\Documents\lib\javafx-sdk-11.0.2\lib\javafx.controls.jar;C:\Users\User\Documents\lib\javafx-sdk-11.0.2\lib\javafx.fxml.jar;C:\Users\User\Documents\lib\javafx-sdk-11.0.2\lib\javafx.media.jar;C:\Users\User\Documents\lib\javafx-sdk-11.0.2\lib\javafx.swing.jar;C:\Users\User\Documents\lib\javafx-sdk-11.0.2\lib\javafx.web.jar -Djdk.module.main=JavaFX.Test.Prj 
java_command: JavaFX.Test.Prj/view.Main
java_class_path (initial): <not set>
Launcher Type: SUN_STANDARD

[Global flags]
     intx CICompilerCount                          = 3                                         {product} {ergonomic}
     uint ConcGCThreads                            = 1                                         {product} {ergonomic}
     uint G1ConcRefinementThreads                  = 4                                         {product} {ergonomic}
   size_t G1HeapRegionSize                         = 1048576                                   {product} {ergonomic}
    uintx GCDrainStackTargetSize                   = 64                                        {product} {ergonomic}
   size_t InitialHeapSize                          = 67108864                                  {product} {ergonomic}
   size_t MarkStackSize                            = 4194304                                   {product} {ergonomic}
   size_t MaxHeapSize                              = 1048576000                                {product} {ergonomic}
   size_t MinHeapDeltaBytes                        = 1048576                                   {product} {ergonomic}
   size_t MinHeapSize                              = 8388608                                   {product} {ergonomic}
    uintx NonNMethodCodeHeapSize                   = 5832780                                {pd product} {ergonomic}
    uintx NonProfiledCodeHeapSize                  = 122912730                              {pd product} {ergonomic}
    uintx ProfiledCodeHeapSize                     = 122912730                              {pd product} {ergonomic}
    uintx ReservedCodeCacheSize                    = 251658240                              {pd product} {ergonomic}
     bool SegmentedCodeCache                       = true                                      {product} {ergonomic}
   size_t SoftMaxHeapSize                          = 1048576000                             {manageable} {ergonomic}
     bool UseCompressedClassPointers               = true                                 {lp64_product} {ergonomic}
     bool UseCompressedOops                        = true                                 {lp64_product} {ergonomic}
     bool UseG1GC                                  = true                                      {product} {ergonomic}
     bool UseLargePagesIndividualAllocation        = false                                  {pd product} {ergonomic}

Logging:
Log output configuration:
 #0: stdout all=warning uptime,level,tags
 #1: stderr all=off uptime,level,tags

Environment Variables:
JAVA_HOME=C:\Program Files\Java\jdk1.8.0_221
PATH=C:\Program Files (x86)\Common Files\Intel\Shared Files\cpp\bin\Intel64;C:\WINDOWS\system32;C:\WINDOWS;C:\WINDOWS\System32\Wbem;C:\WINDOWS\System32\WindowsPowerShell\v1.0\;C:\WINDOWS\System32\OpenSSH\;C:\Program Files\NVIDIA Corporation\NVIDIA NvDLISR;C:\Program Files (x86)\Windows Live\Shared;C:\Program Files\nodejs\;C:\Program Files\MongoDB\Server\4.2\bin;C:\Program Files\Git\cmd;C:\MinGW\bin;;%SystemRoot%\system32;%SystemRoot%;%SystemRoot%\System32\Wbem;%SYSTEMROOT%\System32\WindowsPowerShell\v1.0\;%SYSTEMROOT%\System32\OpenSSH\;C:\Program Files\MySQL\MySQL Shell 8.0\bin\;C:\Users\User\AppData\Roaming\npm;C:\Users\User\AppData\Local\Programs\Microsoft VS Code\bin;C:\Program Files\JetBrains\IntelliJ IDEA Community Edition 2019.3.4\bin;;C:\Users\User\AppData\Local\Microsoft\WindowsApps;
USERNAME=User
OS=Windows_NT
PROCESSOR_IDENTIFIER=Intel64 Family 6 Model 142 Stepping 9, GenuineIntel



---------------  S Y S T E M  ---------------

OS: Windows 10 , 64 bit Build 18362 (10.0.18362.86)
HyperV virtualization detected

CPU:total 4 (initial active 4) (2 cores per cpu, 2 threads per core) family 6 model 142 stepping 9, cmov, cx8, fxsr, mmx, sse, sse2, sse3, ssse3, sse4.1, sse4.2, popcnt, avx, avx2, aes, clmul, erms, 3dnowpref, lzcnt, ht, tsc, tscinvbit, bmi1, bmi2, adx, fma

Memory: 4k page, system-wide physical 3993M (458M free)
TotalPageFile size 8089M (AvailPageFile size 59M)
current process WorkingSet (physical memory assigned to process): 10M, peak: 10M
current process commit charge ("private bytes"): 51M, peak: 115M

vm_info: Java HotSpot(TM) 64-Bit Server VM (13.0.2+8) for windows-amd64 JRE (13.0.2+8), built on Dec 11 2019 09:20:33 by "mach5one" with unknown MS VC++:1916

END.
